<?xml version="1.0" encoding="UTF-8"?>
<testsuite name="com.kazurayam.subprocessj.SubprocessTest" tests="3" skipped="0" failures="0" errors="0" timestamp="2021-07-29T12:44:16" hostname="KAZUAKInoAir.AirPort" time="0.085">
  <properties/>
  <testcase name="test_ls()" classname="com.kazurayam.subprocessj.SubprocessTest" time="0.047"/>
  <testcase name="test_date()" classname="com.kazurayam.subprocessj.SubprocessTest" time="0.008"/>
  <testcase name="test_git()" classname="com.kazurayam.subprocessj.SubprocessTest" time="0.027"/>
  <system-out><![CDATA[]]></system-out>
  <system-err><![CDATA[]]></system-err>
</testsuite>
